<?xml version="1.0" encoding="UTF-8"?>
<!-- Generated by org.testng.reporters.JUnitXMLReporter -->
<testsuite ignored="0" hostname="INBOOK_X1_NEO" failures="0" tests="2" name="ExpandTesting Tests" time="46.162" errors="0" timestamp="2025-10-06T01:51:07 IST">
  <testcase classname="com.tests.LoginTest" name="@BeforeClass init" time="3.304">
    <failure type="java.lang.NoSuchFieldError" message="Class freemarker.template.Configuration does not have member field &amp;apos;freemarker.template.Version VERSION_2_3_30&amp;apos;">
      <![CDATA[java.lang.NoSuchFieldError: Class freemarker.template.Configuration does not have member field 'freemarker.template.Version VERSION_2_3_30'
at com.aventstack.extentreports.reporter.AbstractFileReporter.loadTemplateModel(AbstractFileReporter.java:54)
at com.aventstack.extentreports.reporter.ExtentSparkReporter.start(ExtentSparkReporter.java:136)
at com.aventstack.extentreports.reporter.ExtentSparkReporter$1.onSubscribe(ExtentSparkReporter.java:116)
at io.reactivex.rxjava3.subjects.PublishSubject.subscribeActual(PublishSubject.java:133)
at io.reactivex.rxjava3.core.Observable.subscribe(Observable.java:13262)
at com.aventstack.extentreports.ReactiveSubject.attachReporter(ReactiveSubject.java:38)
at com.aventstack.extentreports.ExtentReports.attachReporter(ExtentReports.java:66)
at com.ReportUtils.ReportManager.createInstance(ReportManager.java:17)
at com.tests.LoginTest.init(LoginTest.java:21)
at java.base/java.util.ArrayList.forEach(ArrayList.java:1596)
... Removed 23 stack frames]]>
    </failure>
  </testcase> <!-- @BeforeClass init -->
  <testcase classname="com.tests.LoginTest" name="@AfterClass cleanUp" time="0.0">
    <skipped/>
  </testcase> <!-- @AfterClass cleanUp -->
  <testcase classname="com.base.BaseTest" name="@AfterClass tearDown" time="0.0">
    <skipped/>
  </testcase> <!-- @AfterClass tearDown -->
  <testcase classname="com.tests.LoginTest" name="testValidLogin" time="0.001">
    <skipped/>
  </testcase> <!-- testValidLogin -->
  <testcase classname="com.tests.LoginTest" name="testInvalidLogin" time="0.001">
    <skipped/>
  </testcase> <!-- testInvalidLogin -->
</testsuite> <!-- ExpandTesting Tests -->
